# JRE version: OpenJDK Runtime Environment (8.0_191-b12) (build 1.8.0_191-8u191-b12-0ubuntu0.18.04.1-b12)
# Java VM: OpenJDK 64-Bit Server VM (25.191-b12 mixed mode linux-amd64 compressed oops)
Heap:
 PSYoungGen      total 130048K, used 8189K [0x00000000ebf80000, 0x00000000f4680000, 0x0000000100000000)
  eden space 121856K, 0% used [0x00000000ebf80000,0x00000000ebf80000,0x00000000f3680000)
  from space 8192K, 99% used [0x00000000f3680000,0x00000000f3e7f610,0x00000000f3e80000)
  to   space 5120K, 0% used [0x00000000f4180000,0x00000000f4180000,0x00000000f4680000)
 ParOldGen       total 29696K, used 11992K [0x00000000c3e00000, 0x00000000c5b00000, 0x00000000ebf80000)
  object space 29696K, 40% used [0x00000000c3e00000,0x00000000c49b6210,0x00000000c5b00000)
 Metaspace       used 26912K, capacity 28374K, committed 28592K, reserved 1073152K
  class space    used 3627K, capacity 3912K, committed 4016K, reserved 1048576K
GC Heap History (10 events):
Event: 6,433 GC heap after
Heap after GC invocations=5 (full 0):
 PSYoungGen      total 34304K, used 2541K [0x00000000ebf80000, 0x00000000f0780000, 0x0000000100000000)
  eden space 31744K, 0% used [0x00000000ebf80000,0x00000000ebf80000,0x00000000ede80000)
  from space 2560K, 99% used [0x00000000ede80000,0x00000000ee0fb7e0,0x00000000ee100000)
  to   space 5120K, 0% used [0x00000000f0280000,0x00000000f0280000,0x00000000f0780000)
 ParOldGen       total 42496K, used 4663K [0x00000000c3e00000, 0x00000000c6780000, 0x00000000ebf80000)
  object space 42496K, 10% used [0x00000000c3e00000,0x00000000c428dd08,0x00000000c6780000)
 Metaspace       used 13195K, capacity 13552K, committed 13824K, reserved 1060864K
  class space    used 1624K, capacity 1739K, committed 1792K, reserved 1048576K
}
Event: 6,659 GC heap before
{Heap before GC invocations=6 (full 0):
 PSYoungGen      total 34304K, used 34285K [0x00000000ebf80000, 0x00000000f0780000, 0x0000000100000000)
  eden space 31744K, 100% used [0x00000000ebf80000,0x00000000ede80000,0x00000000ede80000)
  from space 2560K, 99% used [0x00000000ede80000,0x00000000ee0fb7e0,0x00000000ee100000)
  to   space 5120K, 0% used [0x00000000f0280000,0x00000000f0280000,0x00000000f0780000)
 ParOldGen       total 42496K, used 4663K [0x00000000c3e00000, 0x00000000c6780000, 0x00000000ebf80000)
  object space 42496K, 10% used [0x00000000c3e00000,0x00000000c428dd08,0x00000000c6780000)
 Metaspace       used 15250K, capacity 15694K, committed 16000K, reserved 1062912K
  class space    used 1995K, capacity 2118K, committed 2176K, reserved 1048576K
Event: 6,665 GC heap after
Heap after GC invocations=6 (full 0):
 PSYoungGen      total 67584K, used 5090K [0x00000000ebf80000, 0x00000000f0980000, 0x0000000100000000)
  eden space 62464K, 0% used [0x00000000ebf80000,0x00000000ebf80000,0x00000000efc80000)
  from space 5120K, 99% used [0x00000000f0280000,0x00000000f0778bd8,0x00000000f0780000)
  to   space 6144K, 0% used [0x00000000efc80000,0x00000000efc80000,0x00000000f0280000)
 ParOldGen       total 42496K, used 4860K [0x00000000c3e00000, 0x00000000c6780000, 0x00000000ebf80000)
  object space 42496K, 11% used [0x00000000c3e00000,0x00000000c42bf218,0x00000000c6780000)
 Metaspace       used 15250K, capacity 15694K, committed 16000K, reserved 1062912K
  class space    used 1995K, capacity 2118K, committed 2176K, reserved 1048576K
}
Event: 8,226 GC heap before
{Heap before GC invocations=7 (full 0):
 PSYoungGen      total 67584K, used 54715K [0x00000000ebf80000, 0x00000000f0980000, 0x0000000100000000)
  eden space 62464K, 79% used [0x00000000ebf80000,0x00000000eeff60f0,0x00000000efc80000)
  from space 5120K, 99% used [0x00000000f0280000,0x00000000f0778bd8,0x00000000f0780000)
  to   space 6144K, 0% used [0x00000000efc80000,0x00000000efc80000,0x00000000f0280000)
 ParOldGen       total 42496K, used 4860K [0x00000000c3e00000, 0x00000000c6780000, 0x00000000ebf80000)
  object space 42496K, 11% used [0x00000000c3e00000,0x00000000c42bf218,0x00000000c6780000)
 Metaspace       used 20616K, capacity 21220K, committed 21296K, reserved 1067008K
  class space    used 2666K, capacity 2847K, committed 2864K, reserved 1048576K
Event: 8,234 GC heap after
Heap after GC invocations=7 (full 0):
 PSYoungGen      total 68608K, used 6121K [0x00000000ebf80000, 0x00000000f4980000, 0x0000000100000000)
  eden space 62464K, 0% used [0x00000000ebf80000,0x00000000ebf80000,0x00000000efc80000)
  from space 6144K, 99% used [0x00000000efc80000,0x00000000f027a4a8,0x00000000f0280000)
  to   space 8192K, 0% used [0x00000000f4180000,0x00000000f4180000,0x00000000f4980000)
 ParOldGen       total 42496K, used 7497K [0x00000000c3e00000, 0x00000000c6780000, 0x00000000ebf80000)
  object space 42496K, 17% used [0x00000000c3e00000,0x00000000c45527c0,0x00000000c6780000)
 Metaspace       used 20616K, capacity 21220K, committed 21296K, reserved 1067008K
  class space    used 2666K, capacity 2847K, committed 2864K, reserved 1048576K
}
Event: 8,234 GC heap before
{Heap before GC invocations=8 (full 1):
 PSYoungGen      total 68608K, used 6121K [0x00000000ebf80000, 0x00000000f4980000, 0x0000000100000000)
  eden space 62464K, 0% used [0x00000000ebf80000,0x00000000ebf80000,0x00000000efc80000)
  from space 6144K, 99% used [0x00000000efc80000,0x00000000f027a4a8,0x00000000f0280000)
  to   space 8192K, 0% used [0x00000000f4180000,0x00000000f4180000,0x00000000f4980000)
 ParOldGen       total 42496K, used 7497K [0x00000000c3e00000, 0x00000000c6780000, 0x00000000ebf80000)
  object space 42496K, 17% used [0x00000000c3e00000,0x00000000c45527c0,0x00000000c6780000)
 Metaspace       used 20616K, capacity 21220K, committed 21296K, reserved 1067008K
  class space    used 2666K, capacity 2847K, committed 2864K, reserved 1048576K
Event: 8,264 GC heap after
Heap after GC invocations=8 (full 1):
 PSYoungGen      total 68608K, used 0K [0x00000000ebf80000, 0x00000000f4980000, 0x0000000100000000)
  eden space 62464K, 0% used [0x00000000ebf80000,0x00000000ebf80000,0x00000000efc80000)
  from space 6144K, 0% used [0x00000000efc80000,0x00000000efc80000,0x00000000f0280000)
  to   space 8192K, 0% used [0x00000000f4180000,0x00000000f4180000,0x00000000f4980000)
 ParOldGen       total 29696K, used 9397K [0x00000000c3e00000, 0x00000000c5b00000, 0x00000000ebf80000)
  object space 29696K, 31% used [0x00000000c3e00000,0x00000000c472d5b0,0x00000000c5b00000)
 Metaspace       used 20615K, capacity 21214K, committed 21296K, reserved 1067008K
  class space    used 2665K, capacity 2846K, committed 2864K, reserved 1048576K
}
Event: 10,018 GC heap before
{Heap before GC invocations=9 (full 1):
 PSYoungGen      total 68608K, used 62451K [0x00000000ebf80000, 0x00000000f4980000, 0x0000000100000000)
  eden space 62464K, 99% used [0x00000000ebf80000,0x00000000efc7cd18,0x00000000efc80000)
  from space 6144K, 0% used [0x00000000efc80000,0x00000000efc80000,0x00000000f0280000)
  to   space 8192K, 0% used [0x00000000f4180000,0x00000000f4180000,0x00000000f4980000)
 ParOldGen       total 29696K, used 9397K [0x00000000c3e00000, 0x00000000c5b00000, 0x00000000ebf80000)
  object space 29696K, 31% used [0x00000000c3e00000,0x00000000c472d5b0,0x00000000c5b00000)
 Metaspace       used 21657K, capacity 22316K, committed 22448K, reserved 1069056K
  class space    used 2816K, capacity 2988K, committed 2992K, reserved 1048576K
Event: 10,025 GC heap after
Heap after GC invocations=9 (full 1):
 PSYoungGen      total 126976K, used 3171K [0x00000000ebf80000, 0x00000000f4680000, 0x0000000100000000)
  eden space 121856K, 0% used [0x00000000ebf80000,0x00000000ebf80000,0x00000000f3680000)
  from space 5120K, 61% used [0x00000000f4180000,0x00000000f4498dc0,0x00000000f4680000)
  to   space 8192K, 0% used [0x00000000f3680000,0x00000000f3680000,0x00000000f3e80000)
 ParOldGen       total 29696K, used 9405K [0x00000000c3e00000, 0x00000000c5b00000, 0x00000000ebf80000)
  object space 29696K, 31% used [0x00000000c3e00000,0x00000000c472f5b0,0x00000000c5b00000)
 Metaspace       used 21657K, capacity 22316K, committed 22448K, reserved 1069056K
  class space    used 2816K, capacity 2988K, committed 2992K, reserved 1048576K
}
Event: 13,477 GC heap before
{Heap before GC invocations=10 (full 1):
 PSYoungGen      total 126976K, used 125027K [0x00000000ebf80000, 0x00000000f4680000, 0x0000000100000000)
  eden space 121856K, 100% used [0x00000000ebf80000,0x00000000f3680000,0x00000000f3680000)
  from space 5120K, 61% used [0x00000000f4180000,0x00000000f4498dc0,0x00000000f4680000)
  to   space 8192K, 0% used [0x00000000f3680000,0x00000000f3680000,0x00000000f3e80000)
 ParOldGen       total 29696K, used 9405K [0x00000000c3e00000, 0x00000000c5b00000, 0x00000000ebf80000)
  object space 29696K, 31% used [0x00000000c3e00000,0x00000000c472f5b0,0x00000000c5b00000)
 Metaspace       used 26912K, capacity 28374K, committed 28592K, reserved 1073152K
  class space    used 3627K, capacity 3912K, committed 4016K, reserved 1048576K

